<?xml version="1.0" encoding="UTF-8"?>
<!-- Generated by org.testng.reporters.JUnitReportReporter -->
<testsuite hostname="DESKTOP-G092QH2" failures="0" tests="1" name="scripts.TestCase1" time="171.522" errors="0" timestamp="2022-12-28T16:02:31 IST" skipped="0">
  <testcase classname="scripts.TestCase1" name="tc1" time="171.522"/>
  <system-out/>
</testsuite> <!-- scripts.TestCase1 -->
