<?xml version="1.0" encoding="UTF-8"?>
<!-- Generated by org.testng.reporters.JUnitReportReporter -->
<testsuite hostname="DESKTOP-G092QH2" failures="0" tests="1" name="scripts.TestCase3" time="67.027" errors="0" timestamp="2023-01-03T17:19:13 IST" skipped="0">
  <testcase classname="scripts.TestCase3" name="tc3" time="67.027"/>
  <system-out/>
</testsuite> <!-- scripts.TestCase3 -->
